2016-09-10 17:43:02,364 INFO  - OpenSim.Application [OPENSIM MAIN]: configured log4net using default OpenSim.exe.config
2016-09-10 17:43:02,376 INFO  - OpenSim.Application [OPENSIM MAIN]: System Locale is en-US
2016-09-10 17:43:02,379 INFO  - OpenSim.Application [OPENSIM MAIN]: Environment variable MONO_THREADS_PER_CPU is unset
2016-09-10 17:43:02,379 INFO  - OpenSim.Application [OPENSIM MAIN]: Runtime gave us 8 min worker threads and 8 min IOCP threads
2016-09-10 17:43:02,379 INFO  - OpenSim.Application [OPENSIM MAIN]: Runtime gave us 32767 max worker threads and 1000 max IOCP threads
2016-09-10 17:43:02,380 INFO  - OpenSim.Application [OPENSIM MAIN]: Limiting max worker threads to 1000
2016-09-10 17:43:02,380 INFO  - OpenSim.Application [OPENSIM MAIN]: Threadpool set to 1000 max worker threads and 1000 max IOCP threads
2016-09-10 17:43:02,384 INFO  - OpenSim.Application [OPENSIM MAIN]: Environment is supported by OpenSimulator.
2016-09-10 17:43:02,396 INFO  - OpenSim.ConfigurationLoader [CONFIG]: Reading configuration settings
2016-09-10 17:43:02,397 INFO  - OpenSim.ConfigurationLoader [CONFIG]: Reading configuration file C:\DreamWorld\DreamWorldFiles\Opensim\bin\OpenSimDefaults.ini
2016-09-10 17:43:02,418 INFO  - OpenSim.ConfigurationLoader [CONFIG]: Reading configuration file C:\DreamWorld\DreamWorldFiles\Opensim\bin\OpenSim.ini
2016-09-10 17:43:02,421 INFO  - OpenSim.ConfigurationLoader [CONFIG]: Reading configuration file C:\DreamWorld\DreamWorldFiles\Opensim\bin\config-include\DivaPreferences.ini
2016-09-10 17:43:02,424 INFO  - OpenSim.ConfigurationLoader [CONFIG]: Reading configuration file C:\DreamWorld\DreamWorldFiles\Opensim\bin\config-include\MyWorld.ini
2016-09-10 17:43:02,427 INFO  - OpenSim.ConfigurationLoader [CONFIG]: Loading environment variables for Config
2016-09-10 17:43:02,434 INFO  - OpenSim.OpenSim [OPENSIM MAIN]: Using async_call_method UnsafeQueueUserWorkItem
2016-09-10 17:43:02,442 INFO  - OpenSim.OpenSim ====================================================================
2016-09-10 17:43:02,442 INFO  - OpenSim.OpenSim ========================= STARTING OPENSIM =========================
2016-09-10 17:43:02,442 INFO  - OpenSim.OpenSim ====================================================================
2016-09-10 17:43:02,451 INFO  - OpenSim.Framework.Servers.ServerBase [SERVER BASE]: Starting in C:\DreamWorld\DreamWorldFiles\Opensim\bin
2016-09-10 17:43:02,451 INFO  - OpenSim.Framework.Servers.ServerBase [SERVER BASE]: OpenSimulator version: OpenSim 0.8.2.1 Release          
2016-09-10 17:43:02,452 INFO  - OpenSim.Framework.Servers.ServerBase [SERVER BASE]: Operating system version: Microsoft Windows NT 6.2.9200.0, .NET platform Win32NT, 64-bit
2016-09-10 17:43:02,458 INFO  - OpenSim.Framework.Servers.ServerBase [SERVER BASE]: Logging started to file C:\DreamWorld\DreamWorldFiles\Opensim\bin\OpenSim.log
2016-09-10 17:43:02,670 INFO  - OpenSim.Data.MySQL.MySQLEstateStore [REGION DB]: MySql - connecting: Data Source=localhost;Database=opensim;Port=3307;User ID=opensim;Password=***;Old Guids=true;Allow Zero Datetime=true;
2016-09-10 17:43:02,686 INFO  - OpenSim.RegionApplicationBase [REGION SERVER]: Starting HTTP server on port 9100
2016-09-10 17:43:02,689 INFO  - OpenSim.Framework.Servers.HttpServer.BaseHttpServer [BASE HTTP SERVER]: Starting HTTP server on port 9100
2016-09-10 17:43:03,533 INFO  - OpenSim.Framework.PluginLoader`1 [PLUGINS]: Initializing addin manager
2016-09-10 17:43:03,614 INFO  - OpenSim.Framework.PluginLoader`1 [PLUGINS]: Plugin Loaded: OpenSim
2016-09-10 17:43:03,616 INFO  - OpenSim.Framework.PluginLoader`1 [PLUGINS]: Plugin Loaded: OpenSim.Region.Framework
2016-09-10 17:43:03,617 INFO  - OpenSim.Framework.PluginLoader`1 [PLUGINS]: Plugin Loaded: Robust
2016-09-10 17:43:03,623 INFO  - OpenSim.Framework.PluginLoader`1 [PLUGINS]: Plugin Loaded: OpenSim.Data
2016-09-10 17:43:03,657 INFO  - OpenSim.Framework.PluginLoader`1 [PLUGINS]: Loading extension point /OpenSim/Startup
2016-09-10 17:43:03,686 INFO  - OpenSim.Framework.PluginLoader`1 [PLUGINS]: Trying plugin /OpenSim/Startup/LoadRegions
2016-09-10 17:43:03,687 INFO  - OpenSim.Framework.PluginLoader`1 [PLUGINS]: Plugin Loaded: OpenSim.ApplicationPlugins.RemoteController
2016-09-10 17:43:03,690 INFO  - OpenSim.Framework.PluginLoader`1 [PLUGINS]: Trying plugin /OpenSim/Startup/LoadRegions
2016-09-10 17:43:03,690 INFO  - OpenSim.Framework.PluginLoader`1 [PLUGINS]: Plugin Loaded: OpenSim.ApplicationPlugins.RegionModulesController
2016-09-10 17:43:03,692 INFO  - OpenSim.Framework.PluginLoader`1 [PLUGINS]: Trying plugin /OpenSim/Startup/LoadRegions
2016-09-10 17:43:03,693 INFO  - OpenSim.Framework.PluginLoader`1 [PLUGINS]: Plugin Loaded: OpenSim.ApplicationPlugins.LoadRegions
2016-09-10 17:43:03,712 INFO  - OpenSim.Framework.PluginLoader`1 [PLUGINS]: Plugin Loaded: LindenUDP
2016-09-10 17:43:03,715 INFO  - OpenSim.Framework.PluginLoader`1 [PLUGINS]: Plugin Loaded: OpenSim.Region.PhysicsModule.ODE
2016-09-10 17:43:03,720 INFO  - OpenSim.Framework.PluginLoader`1 [PLUGINS]: Plugin Loaded: Diva.Interfaces
2016-09-10 17:43:03,720 INFO  - OpenSim.Framework.PluginLoader`1 [PLUGINS]: Plugin Loaded: Diva.Wifi
2016-09-10 17:43:03,736 INFO  - OpenSim.Framework.PluginLoader`1 [PLUGINS]: Plugin Loaded: OpenSim.Region.CoreModules
2016-09-10 17:43:03,757 INFO  - OpenSim.Framework.PluginLoader`1 [PLUGINS]: Plugin Loaded: LindenCaps
2016-09-10 17:43:03,760 INFO  - OpenSim.Framework.PluginLoader`1 [PLUGINS]: Plugin Loaded: OpenSim.Groups
2016-09-10 17:43:03,763 INFO  - OpenSim.Framework.PluginLoader`1 [PLUGINS]: Plugin Loaded: SimianGrid
2016-09-10 17:43:03,764 INFO  - OpenSim.Framework.PluginLoader`1 [PLUGINS]: Plugin Loaded: OpenSim.Region.PhysicsModule.BulletS
2016-09-10 17:43:03,767 INFO  - OpenSim.Framework.PluginLoader`1 [PLUGINS]: Plugin Loaded: Diva.MISearchModules
2016-09-10 17:43:03,769 INFO  - OpenSim.Framework.PluginLoader`1 [PLUGINS]: Plugin Loaded: Diva.TOS
2016-09-10 17:43:03,771 INFO  - OpenSim.Framework.PluginLoader`1 [PLUGINS]: Plugin Loaded: OpenSim.Region.OptionalModules
2016-09-10 17:43:03,777 INFO  - OpenSim.Framework.PluginLoader`1 [PLUGINS]: Plugin Loaded: OpenSim.Region.ScriptEngine.XEngine
2016-09-10 17:43:03,780 INFO  - OpenSim.Framework.PluginLoader`1 [PLUGINS]: Plugin Loaded: OpenSim.Region.PhysicsModule.POS
2016-09-10 17:43:03,782 INFO  - OpenSim.Framework.PluginLoader`1 [PLUGINS]: Plugin Loaded: OpenSim.Region.PhysicsModule.BasicPhysics
2016-09-10 17:43:03,785 INFO  - OpenSim.Framework.PluginLoader`1 [PLUGINS]: Plugin Loaded: OpenSim.Region.PhysicsModules.Meshing
2016-09-10 17:43:03,787 INFO  - OpenSim.Framework.PluginLoader`1 [PLUGINS]: Plugin Loaded: OpenSim.OfflineIM
2016-09-10 17:43:03,789 INFO  - OpenSim.ApplicationPlugins.RegionModulesController.RegionModulesControllerPlugin [REGIONMODULES]: From plugin LindenUDP, (version 0.8.2.1), loaded 1 modules, 0 shared, 1 non-shared 0 unknown
2016-09-10 17:43:03,789 INFO  - OpenSim.ApplicationPlugins.RegionModulesController.RegionModulesControllerPlugin [REGIONMODULES]: From plugin OpenSim.Region.PhysicsModule.ODE, (version 0.8.2.1), loaded 1 modules, 0 shared, 1 non-shared 0 unknown
2016-09-10 17:43:03,789 INFO  - OpenSim.ApplicationPlugins.RegionModulesController.RegionModulesControllerPlugin [REGIONMODULES]: From plugin Diva.Wifi, (version 0.8.2.1.11), loaded 1 modules, 1 shared, 0 non-shared 0 unknown
2016-09-10 17:43:03,789 INFO  - OpenSim.ApplicationPlugins.RegionModulesController.RegionModulesControllerPlugin [REGIONMODULES]: From plugin OpenSim.Region.CoreModules, (version 0.8.2.1), loaded 98 modules, 58 shared, 40 non-shared 0 unknown
2016-09-10 17:43:03,790 INFO  - OpenSim.ApplicationPlugins.RegionModulesController.RegionModulesControllerPlugin [REGIONMODULES]: From plugin LindenCaps, (version 0.8.2.1), loaded 16 modules, 2 shared, 14 non-shared 0 unknown
2016-09-10 17:43:03,790 INFO  - OpenSim.ApplicationPlugins.RegionModulesController.RegionModulesControllerPlugin [REGIONMODULES]: From plugin OpenSim.Groups, (version 0.8.2.1), loaded 5 modules, 5 shared, 0 non-shared 0 unknown
2016-09-10 17:43:03,790 INFO  - OpenSim.ApplicationPlugins.RegionModulesController.RegionModulesControllerPlugin [REGIONMODULES]: From plugin SimianGrid, (version 0.8.2.1), loaded 2 modules, 1 shared, 1 non-shared 0 unknown
2016-09-10 17:43:03,790 INFO  - OpenSim.ApplicationPlugins.RegionModulesController.RegionModulesControllerPlugin [REGIONMODULES]: From plugin OpenSim.Region.PhysicsModule.BulletS, (version 0.8.2.1), loaded 2 modules, 0 shared, 2 non-shared 0 unknown
2016-09-10 17:43:03,790 INFO  - OpenSim.ApplicationPlugins.RegionModulesController.RegionModulesControllerPlugin [REGIONMODULES]: From plugin Diva.MISearchModules, (version 0.8.1.0.2), loaded 1 modules, 1 shared, 0 non-shared 0 unknown
2016-09-10 17:43:03,790 INFO  - OpenSim.ApplicationPlugins.RegionModulesController.RegionModulesControllerPlugin [REGIONMODULES]: From plugin Diva.TOS, (version 0.8.1.0.1), loaded 1 modules, 1 shared, 0 non-shared 0 unknown
2016-09-10 17:43:03,790 INFO  - OpenSim.ApplicationPlugins.RegionModulesController.RegionModulesControllerPlugin [REGIONMODULES]: From plugin OpenSim.Region.OptionalModules, (version 0.8.2.1), loaded 35 modules, 20 shared, 15 non-shared 0 unknown
2016-09-10 17:43:03,790 INFO  - OpenSim.ApplicationPlugins.RegionModulesController.RegionModulesControllerPlugin [REGIONMODULES]: From plugin OpenSim.Region.ScriptEngine.XEngine, (version 0.8.2.1), loaded 1 modules, 0 shared, 1 non-shared 0 unknown
2016-09-10 17:43:03,791 INFO  - OpenSim.ApplicationPlugins.RegionModulesController.RegionModulesControllerPlugin [REGIONMODULES]: From plugin OpenSim.Region.PhysicsModule.POS, (version 0.8.2.1), loaded 1 modules, 0 shared, 1 non-shared 0 unknown
2016-09-10 17:43:03,791 INFO  - OpenSim.ApplicationPlugins.RegionModulesController.RegionModulesControllerPlugin [REGIONMODULES]: From plugin OpenSim.Region.PhysicsModule.BasicPhysics, (version 0.8.2.1), loaded 1 modules, 0 shared, 1 non-shared 0 unknown
2016-09-10 17:43:03,791 INFO  - OpenSim.ApplicationPlugins.RegionModulesController.RegionModulesControllerPlugin [REGIONMODULES]: From plugin OpenSim.Region.PhysicsModules.Meshing, (version 0.8.2.1), loaded 2 modules, 0 shared, 2 non-shared 0 unknown
2016-09-10 17:43:03,791 INFO  - OpenSim.ApplicationPlugins.RegionModulesController.RegionModulesControllerPlugin [REGIONMODULES]: From plugin OpenSim.OfflineIM, (version 0.8.2.1), loaded 1 modules, 1 shared, 0 non-shared 0 unknown
2016-09-10 17:43:03,794 INFO  - Diva.Wifi.WifiModule [Wifi Module]: Initializing...
2016-09-10 17:43:06,677 INFO  - OpenSim.Region.CoreModules.Asset.FlotsamAssetCache [FLOTSAM ASSET CACHE]: FlotsamAssetCache enabled
2016-09-10 17:43:06,677 INFO  - OpenSim.Region.CoreModules.Asset.FlotsamAssetCache [FLOTSAM ASSET CACHE]: Cache Directory ./assetcache
2016-09-10 17:43:07,058 INFO  - OpenSim.Services.InventoryService.LibraryService [LIBRARY INVENTORY]: Loading library control file ./inventory/Libraries.xml
2016-09-10 17:43:07,097 INFO  - OpenSim.Region.CoreModules.ServiceConnectorsIn.Asset.AssetServiceInConnectorModule [ASSET IN CONNECTOR]: AssetServiceInConnector enabled
2016-09-10 17:43:07,098 INFO  - OpenSim.Region.CoreModules.ServiceConnectorsIn.Authentication.AuthenticationServiceInConnectorModule [AUTHENTICATION IN CONNECTOR]: Authentication Service In Connector enabled
2016-09-10 17:43:07,098 INFO  - OpenSim.Region.CoreModules.ServiceConnectorsIn.Grid.GridInfoServiceInConnectorModule [GRIDINFO IN CONNECTOR]: GridInfo Service In Connector enabled
2016-09-10 17:43:07,099 INFO  - OpenSim.Region.CoreModules.ServiceConnectorsIn.Hypergrid.HypergridServiceInConnectorModule [HGGRID IN CONNECTOR]: Hypergrid Service In Connector enabled
2016-09-10 17:43:07,100 INFO  - OpenSim.Region.CoreModules.ServiceConnectorsIn.Inventory.InventoryServiceInConnectorModule [INVENTORY IN CONNECTOR]: Inventory Service In Connector enabled
2016-09-10 17:43:07,101 INFO  - OpenSim.Region.CoreModules.ServiceConnectorsIn.Login.LLLoginServiceInConnectorModule [LLLOGIN IN CONNECTOR]: LLLoginerviceInConnector enabled
2016-09-10 17:43:07,102 INFO  - OpenSim.Region.CoreModules.ServiceConnectorsIn.MapImage.MapImageServiceInConnectorModule [MAP SERVICE IN CONNECTOR]: MapImage Service In Connector enabled
2016-09-10 17:43:07,106 INFO  - OpenSim.Region.CoreModules.ServiceConnectorsIn.Neighbour.NeighbourServiceInConnectorModule [NEIGHBOUR IN CONNECTOR]: NeighbourServiceInConnector enabled
2016-09-10 17:43:07,107 INFO  - OpenSim.Region.CoreModules.ServiceConnectorsIn.Simulation.SimulationServiceInConnectorModule [SIM SERVICE]: SimulationService IN connector enabled
2016-09-10 17:43:07,124 INFO  - OpenSim.Region.CoreModules.ServiceConnectorsOut.Profile.LocalUserProfilesServicesConnector [LOCAL USERPROFILES SERVICE CONNECTOR]: Local user profiles connector enabled
2016-09-10 17:43:07,130 INFO  - OpenSim.Services.Connectors.HGAssetServiceConnector [HG ASSET SERVICE]: HG asset service enabled
2016-09-10 17:43:07,132 INFO  - OpenSim.Region.CoreModules.ServiceConnectorsOut.Asset.HGAssetBroker [HG ASSET CONNECTOR]: HG asset broker enabled
2016-09-10 17:43:07,134 INFO  - OpenSim.Region.CoreModules.ServiceConnectorsOut.Authentication.LocalAuthenticationServicesConnector [AUTH CONNECTOR]: Local Authentication connector enabled
2016-09-10 17:43:07,136 INFO  - OpenSim.Region.CoreModules.ServiceConnectorsOut.Avatar.LocalAvatarServicesConnector [AVATAR CONNECTOR]: Local avatar connector enabled
2016-09-10 17:43:07,139 INFO  - OpenSim.Region.CoreModules.ServiceConnectorsOut.Grid.LocalGridServicesConnector [LOCAL GRID SERVICE CONNECTOR]: Local grid connector enabled
2016-09-10 17:43:07,142 INFO  - OpenSim.Region.CoreModules.ServiceConnectorsOut.GridUser.LocalGridUserServicesConnector [LOCAL GRID USER SERVICE CONNECTOR]: Local grid user connector enabled
2016-09-10 17:43:07,146 INFO  - OpenSim.Region.CoreModules.ServiceConnectorsOut.Inventory.HGInventoryBroker [HG INVENTORY CONNECTOR]: HG inventory broker enabled with inner connector of type OpenSim.Services.InventoryService.XInventoryService
2016-09-10 17:43:07,147 INFO  - OpenSim.Region.CoreModules.ServiceConnectorsOut.Land.LocalLandServicesConnector [LAND CONNECTOR]: Local land connector enabled
2016-09-10 17:43:07,149 INFO  - OpenSim.Region.CoreModules.ServiceConnectorsOut.MapImage.MapImageServiceModule [MAP IMAGE SERVICE MODULE]: enabled with refresh time 60 min and service object OpenSim.Services.MapImageService.dll:MapImageService
2016-09-10 17:43:07,150 INFO  - OpenSim.Region.CoreModules.ServiceConnectorsOut.Neighbour.RemoteNeighbourServicesConnector [NEIGHBOUR CONNECTOR]: Remote Neighbour connector enabled
2016-09-10 17:43:07,152 INFO  - OpenSim.Region.CoreModules.ServiceConnectorsOut.Presence.LocalPresenceServicesConnector [LOCAL PRESENCE CONNECTOR]: Local presence connector enabled
2016-09-10 17:43:07,153 INFO  - OpenSim.Region.CoreModules.ServiceConnectorsOut.Simulation.RemoteSimulationConnectorModule [REMOTE SIMULATION CONNECTOR]: Remote simulation enabled.
2016-09-10 17:43:07,164 INFO  - OpenSim.Region.CoreModules.ServiceConnectorsOut.UserAccounts.LocalUserAccountServicesConnector [LOCAL USER ACCOUNT SERVICE CONNECTOR]: Local user connector enabled
2016-09-10 17:43:07,166 INFO  - OpenSim.Region.CoreModules.World.Serialiser.SerialiserModule [Serialiser] Enabled, using save dir "exports"
2016-09-10 17:43:07,173 INFO  - OpenSim.Groups.GroupsMessagingModule [Groups.Messaging]: GroupsMessagingModule enabled with MessageOnlineOnly = True, DebugEnabled = False
2016-09-10 17:43:07,174 INFO  - OpenSim.Groups.GroupsModule [Groups]: Initializing Groups Module V2
2016-09-10 17:43:07,178 INFO  - MetaverseInk.ImageService.ImageServiceModule [MI IMAGESERVICE] Initializing...
2016-09-10 17:43:07,198 ERROR - OpenSim.Region.RegionCombinerModule.RegionCombinerModule [REGION COMBINER MODULE]: THIS MODULE IS BEING MARKED OBSOLETE AND MAY SOON BE REMOVED. PLEASE USE VARREGIONS INSTEAD.
2016-09-10 17:43:07,251 INFO  - OpenSim.ApplicationPlugins.RemoteController.RemoteAdminPlugin [RADMIN]: Default avatars not loaded
2016-09-10 17:43:07,255 INFO  - OpenSim.Region.CoreModules.ServiceConnectorsIn.Login.LLLoginServiceInConnectorModule [LLLOGIN IN CONNECTOR]: Starting...
2016-09-10 17:43:07,269 INFO  - OpenSim.ApplicationPlugins.LoadRegions.LoadRegionsPlugin [LOAD REGIONS PLUGIN]: Loading region configurations from filesystem
2016-09-10 17:43:07,273 INFO  - OpenSim.ApplicationPlugins.LoadRegions.RegionLoaderFileSystem [REGION LOADER FILE SYSTEM]: Loading config files from .\Regions
2016-09-10 17:43:07,273 INFO  - OpenSim.ApplicationPlugins.LoadRegions.RegionLoaderFileSystem [REGION LOADER FILE SYSTEM]: Loading config file .\Regions\RegionConfig.ini
2016-09-10 17:43:07,282 ERROR - OpenSim.Framework.Servers.HttpServer.BaseHttpServer [BASE HTTP SERVER]: HttpServer.HttpListener had an exception: An existing connection was forcibly closed by the remote host 
System.Net.Sockets.SocketException (0x80004005): An existing connection was forcibly closed by the remote host
   at System.Net.Sockets.Socket.EndAccept(Byte[]& buffer, Int32& bytesTransferred, IAsyncResult asyncResult)
   at System.Net.Sockets.Socket.EndAccept(IAsyncResult asyncResult)
   at System.Net.Sockets.TcpListener.EndAcceptSocket(IAsyncResult asyncResult)
   at HttpServer.HttpListenerBase.OnAccept(IAsyncResult ar)
2016-09-10 17:43:07,289 INFO  - OpenSim.ApplicationPlugins.LoadRegions.RegionLoaderFileSystem [REGION LOADER FILE SYSTEM]: Loaded config for region SoaS 1
2016-09-10 17:43:07,293 INFO  - OpenSim.ApplicationPlugins.LoadRegions.LoadRegionsPlugin [LOAD REGIONS PLUGIN]: Loading specific shared modules...
2016-09-10 17:43:07,293 INFO  - OpenSim.ApplicationPlugins.LoadRegions.LoadRegionsPlugin [LOAD REGIONS PLUGIN]: Done.
2016-09-10 17:43:07,403 INFO  - OpenSim.Region.Framework.Scenes.Scene [SCENE]: Region SoaS 1, WORLD MAP refresh time set to 0 seconds
2016-09-10 17:43:07,404 INFO  - OpenSim.Region.Framework.Scenes.Scene [SCENE]: Using high-resolution performance counter for statistics.
2016-09-10 17:43:07,417 INFO  - OpenSim.OpenSimBase [MODULES]: Loading Region's modules (old style)
2016-09-10 17:43:07,417 INFO  - OpenSim.OpenSimBase [REGIONMODULES]: Loading Region's modules (new style)
2016-09-10 17:43:07,432 INFO  - OpenSim.Region.CoreModules.Avatar.Chat.ChatModule [CHAT]: Initialized for SoaS 1 w:10 s:20 S:100
2016-09-10 17:43:07,451 INFO  - OpenSim.Region.CoreModules.ServiceConnectorsIn.Asset.AssetServiceInConnectorModule [HGAssetService]: Starting...
2016-09-10 17:43:07,466 ERROR - OpenSim.Server.Base.ServerUtils [SERVER UTILS]: Error loading plugin OpenSim.Services.Interfaces.IAssetService from OpenSim.Services.HypergridService.dll. Exception: [HGAssetService] No HomeURI specified
System.Reflection.TargetInvocationException: Exception has been thrown by the target of an invocation. ---> System.Exception: [HGAssetService] No HomeURI specified
   at OpenSim.Services.HypergridService.HGAssetService..ctor(IConfigSource config, String configName)
   --- End of inner exception stack trace ---
   at System.RuntimeMethodHandle.InvokeMethod(Object target, Object[] arguments, Signature sig, Boolean constructor)
   at System.Reflection.RuntimeConstructorInfo.Invoke(BindingFlags invokeAttr, Binder binder, Object[] parameters, CultureInfo culture)
   at System.RuntimeType.CreateInstanceImpl(BindingFlags bindingAttr, Binder binder, Object[] args, CultureInfo culture, Object[] activationAttributes, StackCrawlMark& stackMark)
   at System.Activator.CreateInstance(Type type, BindingFlags bindingAttr, Binder binder, Object[] args, CultureInfo culture, Object[] activationAttributes)
   at System.Activator.CreateInstance(Type type, Object[] args)
   at OpenSim.Server.Base.ServerUtils.LoadPlugin[T](String dllName, String className, Object[] args)
2016-09-10 17:43:07,468 ERROR - OpenSim.Server.Base.ServerUtils [SERVER UTILS]: Error loading plugin OpenSim.Services.HypergridService.dll: Exception has been thrown by the target of an invocation. args.Length 2
2016-09-10 17:43:07,469 ERROR - OpenSim.Server.Base.ServerUtils [SERVER UTILS]: Error loading plugin OpenSim.Server.Handlers.Base.IServiceConnector from OpenSim.Server.Handlers.dll. Exception: Failed to load AssetService from OpenSim.Services.HypergridService.dll:HGAssetService; config is HGAssetService
System.Reflection.TargetInvocationException: Exception has been thrown by the target of an invocation. ---> System.Exception: Failed to load AssetService from OpenSim.Services.HypergridService.dll:HGAssetService; config is HGAssetService
   at OpenSim.Server.Handlers.Asset.AssetServiceConnector..ctor(IConfigSource config, IHttpServer server, String configName)
   --- End of inner exception stack trace ---
   at System.RuntimeMethodHandle.InvokeMethod(Object target, Object[] arguments, Signature sig, Boolean constructor)
   at System.Reflection.RuntimeConstructorInfo.Invoke(BindingFlags invokeAttr, Binder binder, Object[] parameters, CultureInfo culture)
   at System.RuntimeType.CreateInstanceImpl(BindingFlags bindingAttr, Binder binder, Object[] args, CultureInfo culture, Object[] activationAttributes, StackCrawlMark& stackMark)
   at System.Activator.CreateInstance(Type type, BindingFlags bindingAttr, Binder binder, Object[] args, CultureInfo culture, Object[] activationAttributes)
   at System.Activator.CreateInstance(Type type, Object[] args)
   at OpenSim.Server.Base.ServerUtils.LoadPlugin[T](String dllName, String className, Object[] args)
2016-09-10 17:43:07,471 ERROR - OpenSim.Server.Base.ServerUtils [SERVER UTILS]: Error loading plugin OpenSim.Server.Handlers.dll: Exception has been thrown by the target of an invocation. args.Length 3
2016-09-10 17:43:07,472 INFO  - OpenSim.Region.CoreModules.ServiceConnectorsIn.Inventory.InventoryServiceInConnectorModule [RegionInventoryService]: Starting...
2016-09-10 17:43:07,498 INFO  - OpenSim.Region.CoreModules.ServiceConnectorsOut.Presence.BasePresenceServiceConnector [BASE PRESENCE SERVICE CONNECTOR]: Enabled for region SoaS 1
2016-09-10 17:43:07,512 INFO  - OpenSim.Region.DataSnapshot.SnapshotStore [DATASNAPSHOT]: Response and fragment cache directory already exists.
2016-09-10 17:43:07,513 INFO  - OpenSim.Region.DataSnapshot.DataRequestHandler [DATASNAPSHOT]: Set up snapshot service
2016-09-10 17:43:07,616 ERROR - OpenSim.Framework.RestClient [REST CLIENT] Error fetching resource from server: http://metaverseink.com/cgi-bin/register.py?service=online&host=127.0.0.1&port=9100&secret=590339c4-24d4-4ad2-844f-a10823c713b0 
System.Net.WebException: The remote server returned an error: (500) Internal Server Error.
   at System.Net.HttpWebRequest.GetResponse()
   at OpenSim.Framework.RestClient.Request(IServiceAuth auth)
2016-09-10 17:43:07,618 WARN  - OpenSim.Region.DataSnapshot.DataSnapshotManager [DATASNAPSHOT]: Unable to decode reply from data service. Ignoring.    at OpenSim.Region.DataSnapshot.DataSnapshotManager.NotifyDataServices(String servicesStr, String serviceName)
2016-09-10 17:43:07,619 INFO  - OpenSim.Region.DataSnapshot.DataSnapshotManager [DATASNAPSHOT]: data service http://metaverseink.com/cgi-bin/register.py notified. Secret: 590339c4-24d4-4ad2-844f-a10823c713b0
2016-09-10 17:43:07,675 INFO  - OpenSim.Region.CoreModules.Framework.InventoryAccess.HGInventoryAccessModule [HG INVENTORY ACCESS MODULE]: HGInventoryAccessModule enabled.
2016-09-10 17:43:07,687 INFO  - OpenSim.Region.CoreModules.ServiceConnectorsOut.Authorization.LocalAuthorizationServicesConnector [AUTHORIZATION CONNECTOR]: Initialise
2016-09-10 17:43:07,687 INFO  - OpenSim.Region.CoreModules.ServiceConnectorsOut.Authorization.LocalAuthorizationServicesConnector [AUTHORIZATION CONNECTOR]: Local authorization connector enabled
2016-09-10 17:43:07,696 INFO  - OpenSim.Region.CoreModules.World.LightShare.EnvironmentModule [EnvironmentModule]: Module is enabled.
2016-09-10 17:43:07,714 INFO  - OpenSim.Region.CoreModules.WindModule [WIND] Enabled with an update rate of 150 frames.
2016-09-10 17:43:07,724 INFO  - OpenSim.Region.PhysicsModule.BulletS.ExtendedPhysics [EXTENDED PHYSICS] module is not enabled
2016-09-10 17:43:07,740 INFO  - OpenSim.Region.ScriptEngine.XEngine.XEngine [XEngine]: Script stop strategy is co-op
2016-09-10 17:43:07,816 INFO  - OpenSim.Region.ClientStack.LindenUDP.LLUDPServer [LLUDPSERVER]: Average Environment.TickCount resolution: 15.6ms
2016-09-10 17:43:07,850 INFO  - OpenSim.Region.CoreModules.World.WorldMap.WorldMapModule [WORLD MAP]: JPEG Map location: http://127.0.0.1:9100/index.php?method=regionImageae823f8aedcc4351b7970e1072b312a8
2016-09-10 17:43:07,927 INFO  - OpenSim.Region.CoreModules.World.Terrain.TerrainModule E ... ChannelDigger
2016-09-10 17:43:07,927 INFO  - OpenSim.Region.CoreModules.World.Terrain.TerrainModule L ... GenericSystemDrawing
2016-09-10 17:43:07,928 INFO  - OpenSim.Region.CoreModules.World.Terrain.TerrainModule L ... JPEG
2016-09-10 17:43:07,945 INFO  - OpenSim.Region.CoreModules.World.Terrain.TerrainModule L ... LLRAW
2016-09-10 17:43:07,945 INFO  - OpenSim.Region.CoreModules.World.Terrain.TerrainModule L ... RAW32
2016-09-10 17:43:07,956 INFO  - OpenSim.Region.CoreModules.WindModule [WIND] Found Plugin: ConfigurableWind
2016-09-10 17:43:07,956 INFO  - OpenSim.Region.CoreModules.WindModule [WIND] Found Plugin: SimpleRandomWind
2016-09-10 17:43:07,957 INFO  - OpenSim.Region.CoreModules.WindModule [WIND] SimpleRandomWind plugin found, initializing.
2016-09-10 17:43:08,022 INFO  - OpenSim.Region.PhysicsModule.BulletS.BSScene [BULLETS SCENE] Selected bullet engine bulletunmanaged -> BulletUnmanaged/
2016-09-10 17:43:08,049 INFO  - OpenSim.Region.PhysicsModule.BulletS.BSScene [BULLETS SCENE] Linksets implemented with Compound
2016-09-10 17:43:08,063 INFO  - OpenSim.Region.ScriptEngine.XEngine.XEngine [XEngine]: Initializing scripts in region SoaS 1
2016-09-10 17:43:08,082 INFO  - OpenSim.Region.CoreModules.Framework.Library.LibraryModule [LIBRARY MODULE]: Loading library archive Library\Clothing Library (small).iar (Clothing Library (small))...
2016-09-10 17:43:09,188 INFO  - OpenSim.Region.CoreModules.Avatar.Inventory.Archiver.InventoryArchiveReadRequest [INVENTORY ARCHIVER]: Loading IAR with version 0.1
2016-09-10 17:43:09,189 INFO  - OpenSim.Region.CoreModules.Framework.Library.LibraryModule [LIBRARY MODULE]: Loading library archive Library\Objects Library (small).iar (Objects Library (small))...
2016-09-10 17:43:09,190 INFO  - OpenSim.Region.CoreModules.Avatar.Inventory.Archiver.InventoryArchiveReadRequest [INVENTORY ARCHIVER]: Loading IAR with version 0.3
2016-09-10 17:43:10,021 INFO  - OpenSim.Region.CoreModules.ServiceConnectorsIn.Authentication.AuthenticationServiceInConnectorModule [AUTHENTICATION IN CONNECTOR]: Starting...
2016-09-10 17:43:10,023 INFO  - OpenSim.Region.CoreModules.ServiceConnectorsIn.Grid.GridInfoServiceInConnectorModule [GridInfo]: Starting...
2016-09-10 17:43:10,027 INFO  - OpenSim.Region.CoreModules.ServiceConnectorsIn.Hypergrid.HypergridServiceInConnectorModule [HypergridService]: Starting...
2016-09-10 17:43:10,068 INFO  - OpenSim.Region.CoreModules.ServiceConnectorsIn.Simulation.SimulationServiceInConnectorModule [SIM SERVICE]: Starting...
2016-09-10 17:43:10,070 INFO  - OpenSim.Region.CoreModules.ServiceConnectorsOut.Asset.HGAssetBroker [HG ASSET CONNECTOR]: Enabled hypergrid asset broker for region SoaS 1
2016-09-10 17:43:10,070 INFO  - OpenSim.Region.CoreModules.ServiceConnectorsOut.Asset.HGAssetBroker [HG ASSET CONNECTOR]: Enabled asset caching for region SoaS 1
2016-09-10 17:43:10,070 INFO  - OpenSim.Region.CoreModules.ServiceConnectorsOut.GridUser.LocalGridUserServicesConnector [LOCAL GRID USER SERVICE CONNECTOR]: Enabled local grid user for region SoaS 1
2016-09-10 17:43:10,071 INFO  - OpenSim.Region.CoreModules.ServiceConnectorsOut.Inventory.HGInventoryBroker [HG INVENTORY CONNECTOR]: Enabled HG inventory for region SoaS 1
2016-09-10 17:43:10,071 INFO  - OpenSim.Region.CoreModules.ServiceConnectorsOut.Neighbour.RemoteNeighbourServicesConnector [NEIGHBOUR CONNECTOR]: Enabled remote neighbours for region SoaS 1
2016-09-10 17:43:10,072 INFO  - OpenSim.Region.CoreModules.ServiceConnectorsOut.UserAccounts.LocalUserAccountServicesConnector [LOCAL USER ACCOUNT SERVICE CONNECTOR]: Enabled local user accounts for region SoaS 1
2016-09-10 17:43:10,087 INFO  - MetaverseInk.ImageService.ImageServiceModule [MI IMAGESERVICE]: Set up image service
2016-09-10 17:43:10,088 INFO  - MetaverseInk.ImageService.ImageServiceModule [MI IMAGESERVICE] Starting watcher for DataSnapshot
2016-09-10 17:43:10,088 INFO  - MetaverseInk.ImageService.ImageServiceModule [MI IMAGESERVICE]: Creating directory DataSnapshot
2016-09-10 17:43:10,101 INFO  - OpenSim.Region.ClientStack.LindenUDP.LLUDPServer [LLUDPSERVER]: Starting inbound packet processing for the LLUDP server in asynchronous mode with UsePools = True
2016-09-10 17:43:10,105 INFO  - OpenSim.Region.ClientStack.LindenUDP.LLUDPServer [LLUDPSERVER]: Starting outbound packet processing for the LLUDP server
2016-09-10 17:43:10,109 INFO  - OpenSim.Region.CoreModules.Scripting.ScriptModuleComms.ScriptModuleCommsModule [MODULE COMMANDS]: Script engine found, module active
2016-09-10 17:43:10,110 INFO  - OpenSim.Region.CoreModules.ServiceConnectorsOut.Authorization.LocalAuthorizationServicesConnector [AUTHORIZATION CONNECTOR]: Enabled local authorization for region SoaS 1
2016-09-10 17:43:10,183 INFO  - OpenSim.Region.Framework.Scenes.Scene [SCENE]: Loading objects from datastore
2016-09-10 17:43:10,231 INFO  - OpenSim.Region.Framework.Scenes.Scene [SCENE]: Loaded 84 objects from the datastore
2016-09-10 17:43:10,307 INFO  - OpenSim.Region.Framework.Scenes.Scene [SCENE]: Loading land objects from storage
2016-09-10 17:43:12,830 INFO  - OpenSim.Region.Framework.Scenes.Scene [SCENE]: Initializing script instances in SoaS 1
2016-09-10 17:43:12,847 INFO  - OpenSim.Region.Framework.Scenes.Scene [SCENE]: Initialized 0 script instances in SoaS 1
2016-09-10 17:43:12,924 INFO  - OpenSim.OpenSimBackground [OPENSIM MAIN]: Startup complete, serving 1 region
2016-09-10 17:43:47,273 INFO  - OpenSim.Services.LLLoginService.LLLoginService [LLOGIN SERVICE]: Login request for Simona Stick at last using viewer 1.8.6.6289, channel OnLook Release, IP 127.0.0.1, Mac 5977baa3f8ce0ca1c96d6ac9a40c9a91, Id0 cd43cbf77f1f2500b7047eeb89ae102e
2016-09-10 17:43:48,493 INFO  - OpenSim.Services.HypergridService.GatekeeperService [GATEKEEPER SERVICE]: Login request for Simona Stick @ http://127.0.0.1:9100/ (26ecc3a5-9243-470e-b8d9-4afcacdecf58) at ae823f8a-edcc-4351-b797-0e1072b312a8 using viewer OnLook Release 1.8.6.6289, channel OnLook Release, IP 127.0.0.1, Mac 5977baa3f8ce0ca1c96d6ac9a40c9a91, Id0 cd43cbf77f1f2500b7047eeb89ae102e, Teleport Flags: ViaLogin. From region Unknown
2016-09-10 17:43:49,117 INFO  - OpenSim.Region.Framework.Scenes.Scene [SCENE]: Region SoaS 1 authenticated and authorized incoming root agent Simona Stick 26ecc3a5-9243-470e-b8d9-4afcacdecf58 (circuit code 835720509)
2016-09-10 17:43:53,055 INFO  - OpenSim.Region.Framework.Scenes.ScenePresence [SCENE PRESENCE]: Completing movement of Simona Stick into region SoaS 1 in position <131.4355, 134.7635, 24.77136>
2016-09-10 18:22:14,379 INFO  - OpenSim.Region.ClientStack.LindenUDP.LLClientView [CLIENT]: Got a logout request for Simona Stick in SoaS 1
