160922 11:33:30 [Note] Plugin 'FEDERATED' is disabled.
InnoDB: The InnoDB memory heap is disabled
InnoDB: Mutexes and rw_locks use Windows interlocked functions
InnoDB: Compressed tables use zlib 1.2.3
160922 11:33:30  InnoDB: Initializing buffer pool, size = 8.0M
160922 11:33:30  InnoDB: Completed initialization of buffer pool
InnoDB: The first specified data file .\ibdata1 did not exist:
InnoDB: a new database to be created!
160922 11:33:30  InnoDB: Setting file .\ibdata1 size to 10 MB
InnoDB: Database physically writes the file full: wait...
160922 11:33:31  InnoDB: Log file .\ib_logfile0 did not exist: new to be created
InnoDB: Setting log file .\ib_logfile0 size to 10 MB
InnoDB: Database physically writes the file full: wait...
160922 11:33:32  InnoDB: Log file .\ib_logfile1 did not exist: new to be created
InnoDB: Setting log file .\ib_logfile1 size to 10 MB
InnoDB: Database physically writes the file full: wait...
InnoDB: Doublewrite buffer not found: creating new
InnoDB: Doublewrite buffer created
InnoDB: 127 rollback segment(s) active.
InnoDB: Creating foreign key constraint system tables
InnoDB: Foreign key constraint system tables created
160922 11:33:35  InnoDB: 1.1.4 started; log sequence number 0
