160926 16:33:36 [Note] Plugin 'FEDERATED' is disabled.
InnoDB: The InnoDB memory heap is disabled
InnoDB: Mutexes and rw_locks use Windows interlocked functions
InnoDB: Compressed tables use zlib 1.2.3
160926 16:33:36  InnoDB: Initializing buffer pool, size = 8.0M
160926 16:33:36  InnoDB: Completed initialization of buffer pool
InnoDB: The first specified data file .\ibdata1 did not exist:
InnoDB: a new database to be created!
160926 16:33:36  InnoDB: Setting file .\ibdata1 size to 10 MB
InnoDB: Database physically writes the file full: wait...
160926 16:33:36  InnoDB: Log file .\ib_logfile0 did not exist: new to be created
InnoDB: Setting log file .\ib_logfile0 size to 10 MB
InnoDB: Database physically writes the file full: wait...
160926 16:33:37  InnoDB: Log file .\ib_logfile1 did not exist: new to be created
InnoDB: Setting log file .\ib_logfile1 size to 10 MB
InnoDB: Database physically writes the file full: wait...
InnoDB: Doublewrite buffer not found: creating new
InnoDB: Doublewrite buffer created
InnoDB: 127 rollback segment(s) active.
InnoDB: Creating foreign key constraint system tables
InnoDB: Foreign key constraint system tables created
160926 16:33:38  InnoDB: 1.1.4 started; log sequence number 0
160926 16:33:38 [ERROR] Missing system table mysql.proxies_priv; please run mysql_upgrade to create it
160926 16:33:39 [ERROR] Native table 'performance_schema'.'events_waits_current' has the wrong structure
160926 16:33:39 [ERROR] Native table 'performance_schema'.'events_waits_history' has the wrong structure
160926 16:33:39 [ERROR] Native table 'performance_schema'.'events_waits_history_long' has the wrong structure
160926 16:33:39 [ERROR] Native table 'performance_schema'.'setup_consumers' has the wrong structure
160926 16:33:39 [ERROR] Native table 'performance_schema'.'setup_instruments' has the wrong structure
160926 16:33:39 [ERROR] Native table 'performance_schema'.'setup_timers' has the wrong structure
160926 16:33:39 [ERROR] Native table 'performance_schema'.'performance_timers' has the wrong structure
160926 16:33:39 [ERROR] Native table 'performance_schema'.'threads' has the wrong structure
160926 16:33:39 [ERROR] Native table 'performance_schema'.'events_waits_summary_by_thread_by_event_name' has the wrong structure
160926 16:33:39 [ERROR] Native table 'performance_schema'.'events_waits_summary_by_instance' has the wrong structure
160926 16:33:39 [ERROR] Native table 'performance_schema'.'events_waits_summary_global_by_event_name' has the wrong structure
160926 16:33:39 [ERROR] Native table 'performance_schema'.'file_summary_by_event_name' has the wrong structure
160926 16:33:39 [ERROR] Native table 'performance_schema'.'file_summary_by_instance' has the wrong structure
160926 16:33:39 [ERROR] Native table 'performance_schema'.'mutex_instances' has the wrong structure
160926 16:33:39 [ERROR] Native table 'performance_schema'.'rwlock_instances' has the wrong structure
160926 16:33:39 [ERROR] Native table 'performance_schema'.'cond_instances' has the wrong structure
160926 16:33:39 [ERROR] Native table 'performance_schema'.'file_instances' has the wrong structure
160926 16:33:39 [Note] Event Scheduler: Loaded 0 events
160926 16:33:39 [Note] mysqld-nt.exe: ready for connections.
Version: '5.5.8'  socket: ''  port: 3307  MySQL Community Server (GPL)
