PHP Warning:  PHP Startup: Unable to load dynamic library 'C:\\mowes\\php5\\ext\\php_gd2.dll' - The specified module could not be found.\r\n in Unknown on line 0
PHP Warning:  PHP Startup: Unable to load dynamic library 'C:\\mowes\\php5\\ext\\php_mbstring.dll' - The specified module could not be found.\r\n in Unknown on line 0
PHP Warning:  PHP Startup: Unable to load dynamic library 'C:\\mowes\\php5\\ext\\php_mysql.dll' - The specified module could not be found.\r\n in Unknown on line 0
PHP Warning:  PHP Startup: Unable to load dynamic library 'C:\\mowes\\php5\\ext\\php_mysqli.dll' - The specified module could not be found.\r\n in Unknown on line 0
PHP Warning:  PHP Startup: Unable to load dynamic library 'C:\\mowes\\php5\\ext\\php_pdo_mysql.dll' - The specified module could not be found.\r\n in Unknown on line 0
PHP Warning:  PHP Startup: Unable to load dynamic library 'C:\\mowes\\php5\\ext\\php_pdo_sqlite.dll' - The specified module could not be found.\r\n in Unknown on line 0
PHP Warning:  PHP Startup: Unable to load dynamic library 'C:\\mowes\\php5\\ext\\php_sqlite.dll' - The specified module could not be found.\r\n in Unknown on line 0
PHP Warning:  PHP Startup: Unable to load dynamic library 'C:\\mowes\\php5\\ext\\php_sqlite3.dll' - The specified module could not be found.\r\n in Unknown on line 0
[Sat Feb 09 21:29:11 2013] [notice] Apache/2.2.11 (Win32) PHP/5.3.5 configured -- resuming normal operations
[Sat Feb 09 21:29:11 2013] [notice] Server built: Dec 10 2008 00:10:06
[Sat Feb 09 21:29:11 2013] [notice] Parent: Created child process 7668
Apache server shutdown initiated...
 load dynamic library 'C:\\mowes\\php5\\ext\\php_gd2.dll' - The specified module could not be found.\r\n in Unknown on line 0
PHP Warning:  PHP Startup: Unable to load dynamic library 'C:\\mowes\\php5\\ext\\php_mbstring.dll' - The specified module could not be found.\r\n in Unknown on line 0
PHP Warning:  PHP Startup: Unable to load dynamic library 'C:\\mowes\\php5\\ext\\php_mysql.dll' - The specified module could not be found.\r\n in Unknown on line 0
PHP Warning:  PHP Startup: Unable to load dynamic library 'C:\\mowes\\php5\\ext\\php_mysqli.dll' - The specified module could not be found.\r\n in Unknown on line 0
PHP Warning:  PHP Startup: Unable to load dynamic library 'C:\\mowes\\php5\\ext\\php_pdo_mysql.dll' - The specified module could not be found.\r\n in Unknown on line 0
PHP Warning:  PHP Startup: Unable to load dynamic library 'C:\\mowes\\php5\\ext\\php_pdo_sqlite.dll' - The specified module could not be found.\r\n in Unknown on line 0
PHP Warning:  PHP Startup: Unable to load dynamic library 'C:\\mowes\\php5\\ext\\php_sqlite.dll' - The specified module could not be found.\r\n in Unknown on line 0
PHP Warning:  PHP Startup: Unable to load dynamic library 'C:\\mowes\\php5\\ext\\php_sqlite3.dll' - The specified module could not be found.\r\n in Unknown on line 0
[Sat Feb 09 21:29:12 2013] [notice] Child 7668: Child process is running
[Sat Feb 09 21:29:12 2013] [notice] Child 7668: Acquired the start mutex.
[Sat Feb 09 21:29:12 2013] [notice] Child 7668: Starting 250 worker threads.
[Sat Feb 09 21:29:12 2013] [notice] Child 7668: Starting thread to listen on port 62535.
[Sat Feb 09 21:29:51 2013] [notice] Parent: Received shutdown signal -- Shutting down the server.
[Sat Feb 09 21:29:51 2013] [notice] Child 7668: Exit event signaled. Child process is ending.
[Sat Feb 09 21:29:52 2013] [notice] Child 7668: Released the start mutex
[Sat Feb 09 21:29:53 2013] [notice] Child 7668: All worker threads have exited.
[Sat Feb 09 21:29:53 2013] [notice] Child 7668: Child process is exiting
[Sat Feb 09 21:29:53 2013] [notice] Parent: Child process exited successfully.
PHP Warning:  PHP Startup: Unable to load dynamic library 'C:\\mowes\\php5\\ext\\php_gd2.dll' - The specified module could not be found.\r\n in Unknown on line 0
PHP Warning:  PHP Startup: Unable to load dynamic library 'C:\\mowes\\php5\\ext\\php_mbstring.dll' - The specified module could not be found.\r\n in Unknown on line 0
PHP Warning:  PHP Startup: Unable to load dynamic library 'C:\\mowes\\php5\\ext\\php_mysql.dll' - The specified module could not be found.\r\n in Unknown on line 0
PHP Warning:  PHP Startup: Unable to load dynamic library 'C:\\mowes\\php5\\ext\\php_mysqli.dll' - The specified module could not be found.\r\n in Unknown on line 0
PHP Warning:  PHP Startup: Unable to load dynamic library 'C:\\mowes\\php5\\ext\\php_pdo_mysql.dll' - The specified module could not be found.\r\n in Unknown on line 0
PHP Warning:  PHP Startup: Unable to load dynamic library 'C:\\mowes\\php5\\ext\\php_pdo_sqlite.dll' - The specified module could not be found.\r\n in Unknown on line 0
PHP Warning:  PHP Startup: Unable to load dynamic library 'C:\\mowes\\php5\\ext\\php_sqlite.dll' - The specified module could not be found.\r\n in Unknown on line 0
PHP Warning:  PHP Startup: Unable to load dynamic library 'C:\\mowes\\php5\\ext\\php_sqlite3.dll' - The specified module could not be found.\r\n in Unknown on line 0
[Sat Feb 09 21:30:22 2013] [notice] Apache/2.2.11 (Win32) PHP/5.3.5 configured -- resuming normal operations
[Sat Feb 09 21:30:22 2013] [notice] Server built: Dec 10 2008 00:10:06
[Sat Feb 09 21:30:22 2013] [notice] Parent: Created child process 11884
Apache server shutdown initiated...
 load dynamic library 'C:\\mowes\\php5\\ext\\php_gd2.dll' - The specified module could not be found.\r\n in Unknown on line 0
PHP Warning:  PHP Startup: Unable to load dynamic library 'C:\\mowes\\php5\\ext\\php_mbstring.dll' - The specified module could not be found.\r\n in Unknown on line 0
PHP Warning:  PHP Startup: Unable to load dynamic library 'C:\\mowes\\php5\\ext\\php_mysql.dll' - The specified module could not be found.\r\n in Unknown on line 0
PHP Warning:  PHP Startup: Unable to load dynamic library 'C:\\mowes\\php5\\ext\\php_mysqli.dll' - The specified module could not be found.\r\n in Unknown on line 0
PHP Warning:  PHP Startup: Unable to load dynamic library 'C:\\mowes\\php5\\ext\\php_pdo_mysql.dll' - The specified module could not be found.\r\n in Unknown on line 0
PHP Warning:  PHP Startup: Unable to load dynamic library 'C:\\mowes\\php5\\ext\\php_pdo_sqlite.dll' - The specified module could not be found.\r\n in Unknown on line 0
PHP Warning:  PHP Startup: Unable to load dynamic library 'C:\\mowes\\php5\\ext\\php_sqlite.dll' - The specified module could not be found.\r\n in Unknown on line 0
PHP Warning:  PHP Startup: Unable to load dynamic library 'C:\\mowes\\php5\\ext\\php_sqlite3.dll' - The specified module could not be found.\r\n in Unknown on line 0
[Sat Feb 09 21:30:23 2013] [notice] Child 11884: Child process is running
[Sat Feb 09 21:30:23 2013] [notice] Child 11884: Acquired the start mutex.
[Sat Feb 09 21:30:23 2013] [notice] Child 11884: Starting 250 worker threads.
[Sat Feb 09 21:30:23 2013] [notice] Child 11884: Starting thread to listen on port 62535.
[Sat Feb 09 21:32:36 2013] [notice] Parent: Received shutdown signal -- Shutting down the server.
[Sat Feb 09 21:32:36 2013] [notice] Child 11884: Exit event signaled. Child process is ending.
[Sat Feb 09 21:32:37 2013] [notice] Child 11884: Released the start mutex
[Sat Feb 09 21:32:38 2013] [notice] Child 11884: All worker threads have exited.
[Sat Feb 09 21:32:38 2013] [notice] Child 11884: Child process is exiting
[Sat Feb 09 21:32:38 2013] [notice] Parent: Child process exited successfully.
