2016-09-28 16:20:25:Info:Oooh, its it time to wake up?
I dreamt I was watching a pretty particle exhibit with you on the Metropolis grid....and then I woke up.
2016-09-28 16:20:32:Info:Console will be shown
2016-09-28 16:20:32:Info:Viewer set to Easy
2016-09-28 16:20:32:Info:Writing section 'SpecialUIModule' in file 'C:\Users\fred.LAN\Desktop\dw2\DreamWorld\DreamWorldFiles\Hypergrid\bin\Opensim.ini' in key 'enabled' with value of 'false'
2016-09-28 16:20:32:Info:Set to not show avatar
2016-09-28 16:20:32:Info:Writing section 'CameraOnlyModeModule' in file 'C:\Users\fred.LAN\Desktop\dw2\DreamWorld\DreamWorldFiles\Hypergrid\bin\Opensim.ini' in key 'enabled' with value of 'true'
2016-09-28 16:20:32:Info:Onlook viewer mode
2016-09-28 16:20:32:Info:Autobackup is On
2016-09-28 16:20:32:Info:Writing section 'AutoBackupModule' in file 'C:\Users\fred.LAN\Desktop\dw2\DreamWorld\DreamWorldFiles\Hypergrid\bin\Opensim.ini' in key 'AutoBackup' with value of 'true'
2016-09-28 16:20:32:Info:Writing section 'AutoBackupModule' in file 'C:\Users\fred.LAN\Desktop\dw2\DreamWorld\DreamWorldFiles\Hypergrid\bin\Opensim.ini' in key 'AutoBackupInterval' with value of '1400'
2016-09-28 16:20:32:Info:Writing section 'AutoBackupModule' in file 'C:\Users\fred.LAN\Desktop\dw2\DreamWorld\DreamWorldFiles\Hypergrid\bin\Opensim.ini' in key 'AutoBackupKeepFilesForDays' with value of '30'
2016-09-28 16:20:32:Info:Writing section 'DreamWorld' in file 'C:\Users\fred.LAN\Desktop\dw2\DreamWorld\DreamWorldFiles\Hypergrid\bin\Regions\RegionConfig.ini' in key 'SizeY' with value of '256'
2016-09-28 16:20:32:Info:Writing section 'DreamWorld' in file 'C:\Users\fred.LAN\Desktop\dw2\DreamWorld\DreamWorldFiles\Hypergrid\bin\Regions\RegionConfig.ini' in key 'SizeX' with value of '256'
2016-09-28 16:20:32:Info:Public IP is 24.173.0.66
2016-09-28 16:20:32:Info:Writing section 'DreamWorld' in file 'C:\Users\fred.LAN\Desktop\dw2\DreamWorld\DreamWorldFiles\Hypergrid\bin\Regions\RegionConfig.ini' in key 'ExternalHostName' with value of '24.173.0.66'
2016-09-28 16:20:32:Info:Writing section 'Const' in file 'C:\Users\fred.LAN\Desktop\dw2\DreamWorld\DreamWorldFiles\Hypergrid\bin\Opensim.ini' in key 'BaseURL' with value of '24.173.0.66'
2016-09-28 16:20:32:Info:Public Port is 8002
2016-09-28 16:20:32:Info:Writing section 'Const' in file 'C:\Users\fred.LAN\Desktop\dw2\DreamWorld\DreamWorldFiles\Hypergrid\bin\Opensim.ini' in key 'PublicPort' with value of '8002'
2016-09-28 16:20:32:Info:Writing section 'DreamWorld' in file 'C:\Users\fred.LAN\Desktop\dw2\DreamWorld\DreamWorldFiles\Hypergrid\bin\Regions\RegionConfig.ini' in key 'InternalPort' with value of '8002'
2016-09-28 16:20:32:Info:Wifi Port is 9000
2016-09-28 16:20:32:Info:Writing section 'Const' in file 'C:\Users\fred.LAN\Desktop\dw2\DreamWorld\DreamWorldFiles\Hypergrid\bin\Opensim.ini' in key 'WifiPort' with value of '9000'
2016-09-28 16:20:32:Info:Saving Wifi Admin for Wifi Admin
2016-09-28 16:20:32:Info:Writing section 'WifiService' in file 'C:\Users\fred.LAN\Desktop\dw2\DreamWorld\DreamWorldFiles\Hypergrid\bin\config-include\MyWorld.ini' in key 'AdminFirst' with value of '"Wifi"'
2016-09-28 16:20:32:Info:Writing section 'WifiService' in file 'C:\Users\fred.LAN\Desktop\dw2\DreamWorld\DreamWorldFiles\Hypergrid\bin\config-include\MyWorld.ini' in key 'AdminLast' with value of '"Admin"'
2016-09-28 16:20:32:Info:Writing section 'WifiService' in file 'C:\Users\fred.LAN\Desktop\dw2\DreamWorld\DreamWorldFiles\Hypergrid\bin\config-include\MyWorld.ini' in key 'AdminPassword' with value of '"secret"'
2016-09-28 16:20:32:Info:Writing section 'WifiService' in file 'C:\Users\fred.LAN\Desktop\dw2\DreamWorld\DreamWorldFiles\Hypergrid\bin\config-include\MyWorld.ini' in key 'AdminPassword' with value of '"secret"'
2016-09-28 16:20:32:Info:Writing section 'Network' in file 'C:\Users\fred.LAN\Desktop\dw2\DreamWorld\DreamWorldFiles\Hypergrid\bin\config-include\MyWorld.ini' in key 'ConsoleUser' with value of '"Console"'
2016-09-28 16:20:32:Info:Writing section 'Network' in file 'C:\Users\fred.LAN\Desktop\dw2\DreamWorld\DreamWorldFiles\Hypergrid\bin\config-include\MyWorld.ini' in key 'ConsolePass' with value of '"secret"'
2016-09-28 16:20:32:Info:Dreaming up new content for your sim
2016-09-28 16:20:33:Info:Dreaming new clothes and items for your avatar
2016-09-28 16:20:34:Info:Setting Grid Info...
2016-09-28 16:20:35:Info:The human is instructed to wait while I check out your router ...
2016-09-28 16:20:36:uPnp:probing
2016-09-28 16:20:37:uPnp:UPnP Exception caught: Object reference not set to an instance of an object.
2016-09-28 16:20:37:uPnP:fail
2016-09-28 16:20:37:Info:UPnP Port forwarding is not enabled. Opensimulator set for standalone operation.
2016-09-28 16:20:38:Info:Starting Diagnostic server
2016-09-28 16:20:59:Warn:Port 8002 is not open
2016-09-28 16:20:59:Info:Port 8002 is not open, so Hypergrid is not available.  Opensimulator will continue in standalone mode.
2016-09-28 16:21:00:Info:Testing Network for Compatibility
2016-09-28 16:21:22:Error:MySql port probe failed on port 3307
2016-09-28 16:21:22:Info:Hypergrid travel requires a router with 'loopback'. It seems to be missing from yours. See the Help section for 'Loopback' and how to enable it in Windows. Opensim can still continue, but without Hypergrid.
2016-09-28 16:21:27:Info:Diagnostics can be re-run in Help->Diagnostics at any time
2016-09-28 16:21:29:Info:Installing Desktop Icon
2016-09-28 16:21:30:Info:creating shortcut on desktop
2016-09-28 16:21:30:Info:Installing Onlook Viewer
2016-09-28 16:21:31:Info:Launching Onlook installer
2016-09-28 16:21:56:Info:Please Install and Start the Onlook Viewer
2016-09-28 16:21:57:Info:Ready to Launch! Click 'Start' to begin the dreaming in the Dream World.
2016-09-28 16:22:03:Info:Exit
2016-09-28 16:22:03:Info:Hold fast to your dreams ...
2016-09-28 16:22:04:Error:failed to restore Onlook xml backup
2016-09-28 16:22:09:Info:I'll tell you my next dream when I wake up.
